[debug] [2022-11-25T15:20:45.273Z] ----------------------------------------------------------------------
[debug] [2022-11-25T15:20:45.276Z] Command:       C:\Program Files\nodejs\node.exe C:\Users\LENOVO\AppData\Roaming\npm\node_modules\firebase-tools\lib\bin\firebase.js emulators:start
[debug] [2022-11-25T15:20:45.277Z] CLI Version:   11.16.1
[debug] [2022-11-25T15:20:45.277Z] Platform:      win32
[debug] [2022-11-25T15:20:45.277Z] Node Version:  v18.12.1
[debug] [2022-11-25T15:20:45.282Z] Time:          Fri Nov 25 2022 20:50:45 GMT+0530 (India Standard Time)
[debug] [2022-11-25T15:20:45.282Z] ----------------------------------------------------------------------
[debug] 
[debug] [2022-11-25T15:20:45.447Z] > command requires scopes: ["email","openid","https://www.googleapis.com/auth/cloudplatformprojects.readonly","https://www.googleapis.com/auth/firebase","https://www.googleapis.com/auth/cloud-platform"]
[debug] [2022-11-25T15:20:45.448Z] > authorizing via signed-in user (sarthakvaish31@gmail.com)
[info] i  emulators: Starting emulators: functions, hosting {"metadata":{"emulator":{"name":"hub"},"message":"Starting emulators: functions, hosting"}}
[debug] [2022-11-25T15:20:45.473Z] [logging] Logging Emulator only supports listening on one address (127.0.0.1). Not listening on ::1
[debug] [2022-11-25T15:20:45.473Z] [hosting] Hosting Emulator only supports listening on one address (127.0.0.1). Not listening on ::1
[debug] [2022-11-25T15:20:45.473Z] assigned listening specs for emulators {"user":{"hub":[{"address":"127.0.0.1","family":"IPv4","port":4400},{"address":"::1","family":"IPv6","port":4400}],"ui":[{"address":"127.0.0.1","family":"IPv4","port":4000},{"address":"::1","family":"IPv6","port":4000}],"logging":[{"address":"127.0.0.1","family":"IPv4","port":4500}],"hosting":[{"address":"127.0.0.1","family":"IPv4","port":5000}]},"metadata":{"message":"assigned listening specs for emulators"}}
[debug] [2022-11-25T15:20:45.487Z] [hub] writing locator at C:\Users\LENOVO\AppData\Local\Temp\hub-clone-45588.json
[debug] [2022-11-25T15:20:45.508Z] [functions] Functions Emulator only supports listening on one address (127.0.0.1). Not listening on ::1
[debug] [2022-11-25T15:20:45.509Z] [eventarc] Eventarc Emulator only supports listening on one address (127.0.0.1). Not listening on ::1
[debug] [2022-11-25T15:20:45.509Z] late-assigned ports for functions and eventarc emulators {"user":{"hub":[{"address":"127.0.0.1","family":"IPv4","port":4400},{"address":"::1","family":"IPv6","port":4400}],"ui":[{"address":"127.0.0.1","family":"IPv4","port":4000},{"address":"::1","family":"IPv6","port":4000}],"logging":[{"address":"127.0.0.1","family":"IPv4","port":4500}],"hosting":[{"address":"127.0.0.1","family":"IPv4","port":5000}],"functions":[{"address":"127.0.0.1","family":"IPv4","port":5001}],"eventarc":[{"address":"127.0.0.1","family":"IPv4","port":9299}]},"metadata":{"message":"late-assigned ports for functions and eventarc emulators"}}
[warn] !  functions: The following emulators are not running, calls to these services from the Functions emulator will affect production: auth, firestore, database, pubsub, storage {"metadata":{"emulator":{"name":"functions"},"message":"The following emulators are not running, calls to these services from the Functions emulator will affect production: \u001b[1mauth, firestore, database, pubsub, storage\u001b[22m"}}
[warn] !  Your requested "node" version "16" doesn't match your global version "18". Using node@18 from host. {"metadata":{"emulator":{"name":"functions"},"message":"Your requested \"node\" version \"16\" doesn't match your global version \"18\". Using node@18 from host."}}
[debug] [2022-11-25T15:20:45.553Z] defaultcredentials: writing to file C:\Users\LENOVO\AppData\Roaming\firebase\sarthakvaish31_gmail_com_application_default_credentials.json
[debug] [2022-11-25T15:20:45.569Z] Setting GAC to C:\Users\LENOVO\AppData\Roaming\firebase\sarthakvaish31_gmail_com_application_default_credentials.json {"metadata":{"emulator":{"name":"functions"},"message":"Setting GAC to C:\\Users\\LENOVO\\AppData\\Roaming\\firebase\\sarthakvaish31_gmail_com_application_default_credentials.json"}}
[debug] [2022-11-25T15:20:45.571Z] > refreshing access token with scopes: []
[debug] [2022-11-25T15:20:45.573Z] >>> [apiv2][query] POST https://www.googleapis.com/oauth2/v3/token [none]
[debug] [2022-11-25T15:20:45.573Z] >>> [apiv2][body] POST https://www.googleapis.com/oauth2/v3/token [omitted]
[debug] [2022-11-25T15:20:45.836Z] <<< [apiv2][status] POST https://www.googleapis.com/oauth2/v3/token 200
[debug] [2022-11-25T15:20:45.837Z] <<< [apiv2][body] POST https://www.googleapis.com/oauth2/v3/token [omitted]
[debug] [2022-11-25T15:20:45.846Z] >>> [apiv2][query] GET https://firebase.googleapis.com/v1beta1/projects/clone-45588/adminSdkConfig [none]
[debug] [2022-11-25T15:20:46.397Z] <<< [apiv2][status] GET https://firebase.googleapis.com/v1beta1/projects/clone-45588/adminSdkConfig 200
[debug] [2022-11-25T15:20:46.397Z] <<< [apiv2][body] GET https://firebase.googleapis.com/v1beta1/projects/clone-45588/adminSdkConfig {"projectId":"clone-45588","storageBucket":"clone-45588.appspot.com"}
[debug] [2022-11-25T15:20:46.438Z] >>> [apiv2][query] GET https://firebasehosting.googleapis.com/v1beta1/projects/clone-45588/sites 
[debug] [2022-11-25T15:20:47.792Z] <<< [apiv2][status] GET https://firebasehosting.googleapis.com/v1beta1/projects/clone-45588/sites 200
[debug] [2022-11-25T15:20:47.793Z] <<< [apiv2][body] GET https://firebasehosting.googleapis.com/v1beta1/projects/clone-45588/sites {"sites":[{"name":"projects/clone-45588/sites/clone-45588","defaultUrl":"https://clone-45588.web.app","appId":"1:598615890465:web:5e9140d05fac6c90ce2160","type":"DEFAULT_SITE"}]}
[debug] [2022-11-25T15:20:47.793Z] >>> [apiv2][query] GET https://firebase.googleapis.com/v1beta1/projects/clone-45588/webApps/1:598615890465:web:5e9140d05fac6c90ce2160/config [none]
[debug] [2022-11-25T15:20:49.245Z] <<< [apiv2][status] GET https://firebase.googleapis.com/v1beta1/projects/clone-45588/webApps/1:598615890465:web:5e9140d05fac6c90ce2160/config 200
[debug] [2022-11-25T15:20:49.246Z] <<< [apiv2][body] GET https://firebase.googleapis.com/v1beta1/projects/clone-45588/webApps/1:598615890465:web:5e9140d05fac6c90ce2160/config {"projectId":"clone-45588","appId":"1:598615890465:web:5e9140d05fac6c90ce2160","storageBucket":"clone-45588.appspot.com","apiKey":"AIzaSyCf7WeANU62p1sFAphNDVwvy-3zjqNgCl8","authDomain":"clone-45588.firebaseapp.com","messagingSenderId":"598615890465","measurementId":"G-PKM1HZE1ZQ"}
[debug] [2022-11-25T15:20:49.255Z] >>> [apiv2][query] GET https://firebase.googleapis.com/v1beta1/projects/clone-45588 [none]
[debug] [2022-11-25T15:20:49.758Z] <<< [apiv2][status] GET https://firebase.googleapis.com/v1beta1/projects/clone-45588 200
[debug] [2022-11-25T15:20:49.758Z] <<< [apiv2][body] GET https://firebase.googleapis.com/v1beta1/projects/clone-45588 {"projectId":"clone-45588","projectNumber":"598615890465","displayName":"Amazon-clone","name":"projects/clone-45588","resources":{"hostingSite":"clone-45588"},"state":"ACTIVE","etag":"1_8895615f-b9c7-4215-9baf-a191fe953ee6"}
[info] i  hosting[clone-45588]: Serving hosting files from: build {"metadata":{"emulator":{"name":"hosting"},"message":"Serving hosting files from: \u001b[1mbuild\u001b[22m"}}
[info] +  hosting[clone-45588]: Local server: http://127.0.0.1:5000 {"metadata":{"emulator":{"name":"hosting"},"message":"Local server: \u001b[4m\u001b[1mhttp://127.0.0.1:5000\u001b[22m\u001b[24m"}}
[debug] [2022-11-25T15:20:49.826Z] Ignoring unsupported arg: auto_download {"metadata":{"emulator":{"name":"ui"},"message":"Ignoring unsupported arg: auto_download"}}
[debug] [2022-11-25T15:20:49.827Z] Ignoring unsupported arg: port {"metadata":{"emulator":{"name":"ui"},"message":"Ignoring unsupported arg: port"}}
[debug] [2022-11-25T15:20:49.827Z] Starting Emulator UI with command {"binary":"node","args":["C:\\Users\\LENOVO\\.cache\\firebase\\emulators\\ui-v1.11.1\\server\\server.js"],"optionalArgs":[],"joinArgs":false} {"metadata":{"emulator":{"name":"ui"},"message":"Starting Emulator UI with command {\"binary\":\"node\",\"args\":[\"C:\\\\Users\\\\LENOVO\\\\.cache\\\\firebase\\\\emulators\\\\ui-v1.11.1\\\\server\\\\server.js\"],\"optionalArgs\":[],\"joinArgs\":false}"}}
[info] i  ui: Emulator UI logging to ui-debug.log {"metadata":{"emulator":{"name":"ui"},"message":"Emulator UI logging to \u001b[1mui-debug.log\u001b[22m"}}
[debug] [2022-11-25T15:20:50.024Z] Web / API server started at 127.0.0.1:4000
 {"metadata":{"emulator":{"name":"ui"},"message":"Web / API server started at 127.0.0.1:4000\n"}}
[debug] [2022-11-25T15:20:50.025Z] Web / API server started at ::1:4000
 {"metadata":{"emulator":{"name":"ui"},"message":"Web / API server started at ::1:4000\n"}}
[info] i  functions: Watching "C:\Users\LENOVO\Desktop\React\amazon-clone\amazon-clone\functions" for Cloud Functions... {"metadata":{"emulator":{"name":"functions"},"message":"Watching \"C:\\Users\\LENOVO\\Desktop\\React\\amazon-clone\\amazon-clone\\functions\" for Cloud Functions..."}}
[debug] [2022-11-25T15:20:50.117Z] Validating nodejs source
[warn] !  functions: package.json indicates an outdated version of firebase-functions. Please upgrade using npm install --save firebase-functions@latest in your functions directory. 
[warn] !  functions: Please note that there will be breaking changes when you upgrade. 
[debug] [2022-11-25T15:20:55.217Z] > [functions] package.json contents: {
  "name": "functions",
  "description": "Cloud Functions for Firebase",
  "scripts": {
    "lint": "eslint .",
    "serve": "firebase emulators:start --only functions",
    "shell": "firebase functions:shell",
    "start": "npm run shell",
    "deploy": "firebase deploy --only functions",
    "logs": "firebase functions:log"
  },
  "engines": {
    "node": "16"
  },
  "main": "index.js",
  "dependencies": {
    "express": "^4.18.2",
    "firebase-admin": "^10.0.2",
    "firebase-functions": "^3.18.0",
    "stripe": "^11.1.0"
  },
  "devDependencies": {
    "eslint": "^8.9.0",
    "eslint-config-google": "^0.14.0",
    "firebase-functions-test": "^0.2.0"
  },
  "private": true
}
[debug] [2022-11-25T15:20:55.218Z] Building nodejs source
[debug] [2022-11-25T15:20:55.218Z] Analyzing nodejs backend spec
[debug] [2022-11-25T15:20:55.220Z] Could not find functions.yaml. Must use http discovery
[debug] [2022-11-25T15:20:55.785Z] Serving at port 9005

[debug] [2022-11-25T15:20:56.303Z] Got response from /__/functions.yaml {"endpoints":{"api":{"platform":"gcfv1","httpsTrigger":{},"entryPoint":"api"}},"specVersion":"v1alpha1","requiredAPIs":[]}
[debug] [2022-11-25T15:20:56.326Z] shutdown requested via /__/quitquitquit

[info] +  functions: Loaded functions definitions from source: api. {"metadata":{"emulator":{"name":"functions"},"message":"Loaded functions definitions from source: api."}}
[info] +  functions[us-central1-api]: http function initialized (http://127.0.0.1:5001/clone-45588/us-central1/api). {"metadata":{"emulator":{"name":"functions"},"message":"\u001b[1mhttp\u001b[22m function initialized (http://127.0.0.1:5001/clone-45588/us-central1/api)."}}
[info] 
┌─────────────────────────────────────────────────────────────┐
│ ✔  All emulators ready! It is now safe to connect your app. │
│ i  View Emulator UI at http://127.0.0.1:4000/               │
└─────────────────────────────────────────────────────────────┘

┌───────────┬────────────────┬─────────────────────────────────┐
│ Emulator  │ Host:Port      │ View in Emulator UI             │
├───────────┼────────────────┼─────────────────────────────────┤
│ Functions │ 127.0.0.1:5001 │ http://127.0.0.1:4000/functions │
├───────────┼────────────────┼─────────────────────────────────┤
│ Hosting   │ 127.0.0.1:5000 │ n/a                             │
└───────────┴────────────────┴─────────────────────────────────┘
  Emulator Hub running at 127.0.0.1:4400
  Other reserved ports: 4500

Issues? Report them at https://github.com/firebase/firebase-tools/issues and attach the *-debug.log files.
 
[debug] [2022-11-26T04:11:57.041Z] [work-queue] {"queueLength":1,"workRunningCount":0}
[debug] [2022-11-26T04:11:57.058Z] [work-queue] {"queueLength":0,"workRunningCount":1}
[debug] [2022-11-26T04:11:57.066Z] Accepted request GET /clone-45588/us-central1/api/sarthak --> us-central1-api
[debug] [2022-11-26T04:11:57.149Z] [functions] Runtime ready! Sending request! {"metadata":{"emulator":{"name":"functions"},"message":"[functions] Runtime ready! Sending request!"}}
[debug] [2022-11-26T04:11:57.158Z] [functions] Got req.url=/clone-45588/us-central1/api/sarthak, mapping to path=/sarthak {"metadata":{"emulator":{"name":"functions"},"message":"[functions] Got req.url=/clone-45588/us-central1/api/sarthak, mapping to path=/sarthak"}}
[debug] [2022-11-26T04:11:57.227Z] [worker-pool] addWorker(us-central1-api) {"metadata":{"emulator":{"name":"functions"},"message":"[worker-pool] addWorker(us-central1-api)"}}
[debug] [2022-11-26T04:11:57.228Z] [worker-pool] Adding worker with key us-central1-api, total=1 {"metadata":{"emulator":{"name":"functions"},"message":"[worker-pool] Adding worker with key us-central1-api, total=1"}}
[debug] [2022-11-26T04:12:00.313Z] [runtime-status] [12276] Resolved module firebase-admin {"declared":true,"installed":true,"version":"10.3.0","resolution":"C:\\Users\\LENOVO\\Desktop\\React\\amazon-clone\\amazon-clone\\functions\\node_modules\\firebase-admin\\lib\\index.js"} {"metadata":{"emulator":{"name":"functions"},"function":{"name":"us-central1-api"},"extension":{},"message":"[runtime-status] [12276] Resolved module firebase-admin {\"declared\":true,\"installed\":true,\"version\":\"10.3.0\",\"resolution\":\"C:\\\\Users\\\\LENOVO\\\\Desktop\\\\React\\\\amazon-clone\\\\amazon-clone\\\\functions\\\\node_modules\\\\firebase-admin\\\\lib\\\\index.js\"}"}}
[debug] [2022-11-26T04:12:00.315Z] [runtime-status] [12276] Resolved module firebase-functions {"declared":true,"installed":true,"version":"3.24.1","resolution":"C:\\Users\\LENOVO\\Desktop\\React\\amazon-clone\\amazon-clone\\functions\\node_modules\\firebase-functions\\lib\\index.js"} {"metadata":{"emulator":{"name":"functions"},"function":{"name":"us-central1-api"},"extension":{},"message":"[runtime-status] [12276] Resolved module firebase-functions {\"declared\":true,\"installed\":true,\"version\":\"3.24.1\",\"resolution\":\"C:\\\\Users\\\\LENOVO\\\\Desktop\\\\React\\\\amazon-clone\\\\amazon-clone\\\\functions\\\\node_modules\\\\firebase-functions\\\\lib\\\\index.js\"}"}}
[debug] [2022-11-26T04:12:00.316Z] [runtime-status] [12276] Outgoing network have been stubbed. [{"name":"http","status":"mocked"},{"name":"http","status":"mocked"},{"name":"https","status":"mocked"},{"name":"https","status":"mocked"},{"name":"net","status":"mocked"}] {"metadata":{"emulator":{"name":"functions"},"function":{"name":"us-central1-api"},"extension":{},"message":"[runtime-status] [12276] Outgoing network have been stubbed. [{\"name\":\"http\",\"status\":\"mocked\"},{\"name\":\"http\",\"status\":\"mocked\"},{\"name\":\"https\",\"status\":\"mocked\"},{\"name\":\"https\",\"status\":\"mocked\"},{\"name\":\"net\",\"status\":\"mocked\"}]"}}
[debug] [2022-11-26T04:12:00.316Z] [runtime-status] [12276] Resolved module firebase-functions {"declared":true,"installed":true,"version":"3.24.1","resolution":"C:\\Users\\LENOVO\\Desktop\\React\\amazon-clone\\amazon-clone\\functions\\node_modules\\firebase-functions\\lib\\index.js"} {"metadata":{"emulator":{"name":"functions"},"function":{"name":"us-central1-api"},"extension":{},"message":"[runtime-status] [12276] Resolved module firebase-functions {\"declared\":true,\"installed\":true,\"version\":\"3.24.1\",\"resolution\":\"C:\\\\Users\\\\LENOVO\\\\Desktop\\\\React\\\\amazon-clone\\\\amazon-clone\\\\functions\\\\node_modules\\\\firebase-functions\\\\lib\\\\index.js\"}"}}
[debug] [2022-11-26T04:12:00.432Z] [runtime-status] [12276] Checked functions.config() {"config":{}} {"metadata":{"emulator":{"name":"functions"},"function":{"name":"us-central1-api"},"extension":{},"message":"[runtime-status] [12276] Checked functions.config() {\"config\":{}}"}}
[debug] [2022-11-26T04:12:00.432Z] [runtime-status] [12276] firebase-functions has been stubbed. {"functionsResolution":{"declared":true,"installed":true,"version":"3.24.1","resolution":"C:\\Users\\LENOVO\\Desktop\\React\\amazon-clone\\amazon-clone\\functions\\node_modules\\firebase-functions\\lib\\index.js"}} {"metadata":{"emulator":{"name":"functions"},"function":{"name":"us-central1-api"},"extension":{},"message":"[runtime-status] [12276] firebase-functions has been stubbed. {\"functionsResolution\":{\"declared\":true,\"installed\":true,\"version\":\"3.24.1\",\"resolution\":\"C:\\\\Users\\\\LENOVO\\\\Desktop\\\\React\\\\amazon-clone\\\\amazon-clone\\\\functions\\\\node_modules\\\\firebase-functions\\\\lib\\\\index.js\"}}"}}
[debug] [2022-11-26T04:12:00.433Z] [runtime-status] [12276] Resolved module firebase-functions {"declared":true,"installed":true,"version":"3.24.1","resolution":"C:\\Users\\LENOVO\\Desktop\\React\\amazon-clone\\amazon-clone\\functions\\node_modules\\firebase-functions\\lib\\index.js"} {"metadata":{"emulator":{"name":"functions"},"function":{"name":"us-central1-api"},"extension":{},"message":"[runtime-status] [12276] Resolved module firebase-functions {\"declared\":true,\"installed\":true,\"version\":\"3.24.1\",\"resolution\":\"C:\\\\Users\\\\LENOVO\\\\Desktop\\\\React\\\\amazon-clone\\\\amazon-clone\\\\functions\\\\node_modules\\\\firebase-functions\\\\lib\\\\index.js\"}"}}
[debug] [2022-11-26T04:12:00.435Z] [runtime-status] [12276] Resolved module firebase-admin {"declared":true,"installed":true,"version":"10.3.0","resolution":"C:\\Users\\LENOVO\\Desktop\\React\\amazon-clone\\amazon-clone\\functions\\node_modules\\firebase-admin\\lib\\index.js"} {"metadata":{"emulator":{"name":"functions"},"function":{"name":"us-central1-api"},"extension":{},"message":"[runtime-status] [12276] Resolved module firebase-admin {\"declared\":true,\"installed\":true,\"version\":\"10.3.0\",\"resolution\":\"C:\\\\Users\\\\LENOVO\\\\Desktop\\\\React\\\\amazon-clone\\\\amazon-clone\\\\functions\\\\node_modules\\\\firebase-admin\\\\lib\\\\index.js\"}"}}
[debug] [2022-11-26T04:12:00.436Z] [runtime-status] [12276] Resolved module firebase-functions {"declared":true,"installed":true,"version":"3.24.1","resolution":"C:\\Users\\LENOVO\\Desktop\\React\\amazon-clone\\amazon-clone\\functions\\node_modules\\firebase-functions\\lib\\index.js"} {"metadata":{"emulator":{"name":"functions"},"function":{"name":"us-central1-api"},"extension":{},"message":"[runtime-status] [12276] Resolved module firebase-functions {\"declared\":true,\"installed\":true,\"version\":\"3.24.1\",\"resolution\":\"C:\\\\Users\\\\LENOVO\\\\Desktop\\\\React\\\\amazon-clone\\\\amazon-clone\\\\functions\\\\node_modules\\\\firebase-functions\\\\lib\\\\index.js\"}"}}
[debug] [2022-11-26T04:12:00.436Z] [runtime-status] [12276] firebase-admin has been stubbed. {"adminResolution":{"declared":true,"installed":true,"version":"10.3.0","resolution":"C:\\Users\\LENOVO\\Desktop\\React\\amazon-clone\\amazon-clone\\functions\\node_modules\\firebase-admin\\lib\\index.js"}} {"metadata":{"emulator":{"name":"functions"},"function":{"name":"us-central1-api"},"extension":{},"message":"[runtime-status] [12276] firebase-admin has been stubbed. {\"adminResolution\":{\"declared\":true,\"installed\":true,\"version\":\"10.3.0\",\"resolution\":\"C:\\\\Users\\\\LENOVO\\\\Desktop\\\\React\\\\amazon-clone\\\\amazon-clone\\\\functions\\\\node_modules\\\\firebase-admin\\\\lib\\\\index.js\"}}"}}
[debug] [2022-11-26T04:12:00.857Z] [runtime-status] [12276] Functions runtime initialized. {"cwd":"C:\\Users\\LENOVO\\Desktop\\React\\amazon-clone\\amazon-clone\\functions","node_version":"18.12.1"} {"metadata":{"emulator":{"name":"functions"},"function":{"name":"us-central1-api"},"extension":{},"message":"[runtime-status] [12276] Functions runtime initialized. {\"cwd\":\"C:\\\\Users\\\\LENOVO\\\\Desktop\\\\React\\\\amazon-clone\\\\amazon-clone\\\\functions\",\"node_version\":\"18.12.1\"}"}}
[debug] [2022-11-26T04:12:00.857Z] [runtime-status] [12276] Listening to port: \\?\pipe\fire_emu_9772b098f34a9d35 {"metadata":{"emulator":{"name":"functions"},"function":{"name":"us-central1-api"},"extension":{},"message":"[runtime-status] [12276] Listening to port: \\\\?\\pipe\\fire_emu_9772b098f34a9d35"}}
[debug] [2022-11-26T04:12:00.868Z] [worker-us-central1-api-180dc966-2ae2-461b-8e66-279777fabc8b]: IDLE {"metadata":{"emulator":{"name":"functions"},"message":"[worker-us-central1-api-180dc966-2ae2-461b-8e66-279777fabc8b]: IDLE"}}
[debug] [2022-11-26T04:12:00.869Z] [worker-pool] submitRequest(triggerId=us-central1-api) {"metadata":{"emulator":{"name":"functions"},"message":"[worker-pool] submitRequest(triggerId=us-central1-api)"}}
[debug] [2022-11-26T04:12:00.869Z] [worker-us-central1-api-180dc966-2ae2-461b-8e66-279777fabc8b]: BUSY {"metadata":{"emulator":{"name":"functions"},"message":"[worker-us-central1-api-180dc966-2ae2-461b-8e66-279777fabc8b]: BUSY"}}
[info] i  functions: Beginning execution of "api" {"metadata":{"emulator":{"name":"functions"},"function":{"name":"us-central1-api"},"extension":{},"message":"Beginning execution of \"api\""}}
[debug] [2022-11-26T04:12:00.879Z] [worker-us-central1-api-180dc966-2ae2-461b-8e66-279777fabc8b]: IDLE {"metadata":{"emulator":{"name":"functions"},"message":"[worker-us-central1-api-180dc966-2ae2-461b-8e66-279777fabc8b]: IDLE"}}
[debug] [2022-11-26T04:12:00.880Z] [work-queue] {"queueLength":0,"workRunningCount":0}
[info] i  functions: Finished "api" in 6.0766ms {"metadata":{"emulator":{"name":"functions"},"function":{"name":"us-central1-api"},"extension":{},"message":"Finished \"api\" in 6.0766ms"}}
