[debug] [2022-11-23T09:21:28.506Z] ----------------------------------------------------------------------
[debug] [2022-11-23T09:21:28.510Z] Command:       C:\Program Files\nodejs\node.exe C:\Users\LENOVO\AppData\Roaming\npm\node_modules\firebase-tools\lib\bin\firebase.js init
[debug] [2022-11-23T09:21:28.511Z] CLI Version:   11.16.1
[debug] [2022-11-23T09:21:28.512Z] Platform:      win32
[debug] [2022-11-23T09:21:28.512Z] Node Version:  v18.12.1
[debug] [2022-11-23T09:21:28.515Z] Time:          Wed Nov 23 2022 14:51:28 GMT+0530 (India Standard Time)
[debug] [2022-11-23T09:21:28.516Z] ----------------------------------------------------------------------
[debug] 
[debug] [2022-11-23T09:21:28.674Z] > command requires scopes: ["email","openid","https://www.googleapis.com/auth/cloudplatformprojects.readonly","https://www.googleapis.com/auth/firebase","https://www.googleapis.com/auth/cloud-platform"]
[debug] [2022-11-23T09:21:28.675Z] > authorizing via signed-in user (sarthakvaish31@gmail.com)
[info] 
     ######## #### ########  ######## ########     ###     ######  ########
     ##        ##  ##     ## ##       ##     ##  ##   ##  ##       ##
     ######    ##  ########  ######   ########  #########  ######  ######
     ##        ##  ##    ##  ##       ##     ## ##     ##       ## ##
     ##       #### ##     ## ######## ########  ##     ##  ######  ########

You're about to initialize a Firebase project in this directory:

  C:\Users\LENOVO\Desktop\React\amazon-clone\amazon-clone

Before we get started, keep in mind:

  * You are initializing within an existing Firebase project directory

[info] 
=== Project Setup
[info] 
[info] First, let's associate this project directory with a Firebase project.
[info] You can create multiple project aliases by running firebase use --add, 
[info] but for now we'll just set up a default project.
[info] 
[debug] [2022-11-23T09:21:39.487Z] Using project from CLI flag: clone-45588
[debug] [2022-11-23T09:21:39.491Z] >>> [apiv2][query] GET https://firebase.googleapis.com/v1beta1/projects/clone-45588 [none]
[debug] [2022-11-23T09:21:40.107Z] <<< [apiv2][status] GET https://firebase.googleapis.com/v1beta1/projects/clone-45588 200
[debug] [2022-11-23T09:21:40.107Z] <<< [apiv2][body] GET https://firebase.googleapis.com/v1beta1/projects/clone-45588 {"projectId":"clone-45588","projectNumber":"598615890465","displayName":"Amazon-clone","name":"projects/clone-45588","resources":{"hostingSite":"clone-45588"},"state":"ACTIVE","etag":"1_5b9f7362-ce84-4262-b432-19ee9ef9dbae"}
[info] i  Using project clone-45588 (Amazon-clone) 
[info] 
=== Hosting Setup
[info] 
[info] Your public directory is the folder (relative to your project directory) that
[info] will contain Hosting assets to be uploaded with firebase deploy. If you
[info] have a build process for your assets, use your build's output directory.
[info] 
[debug] [2022-11-23T09:22:09.585Z] ----------------------------------------------------------------------
[debug] [2022-11-23T09:22:09.587Z] Command:       C:\Program Files\nodejs\node.exe C:\Users\LENOVO\AppData\Roaming\npm\node_modules\firebase-tools\lib\bin\firebase.js init
[debug] [2022-11-23T09:22:09.588Z] CLI Version:   11.16.1
[debug] [2022-11-23T09:22:09.588Z] Platform:      win32
[debug] [2022-11-23T09:22:09.588Z] Node Version:  v18.12.1
[debug] [2022-11-23T09:22:09.589Z] Time:          Wed Nov 23 2022 14:52:09 GMT+0530 (India Standard Time)
[debug] [2022-11-23T09:22:09.590Z] ----------------------------------------------------------------------
[debug] 
[debug] [2022-11-23T09:22:09.716Z] > command requires scopes: ["email","openid","https://www.googleapis.com/auth/cloudplatformprojects.readonly","https://www.googleapis.com/auth/firebase","https://www.googleapis.com/auth/cloud-platform"]
[debug] [2022-11-23T09:22:09.717Z] > authorizing via signed-in user (sarthakvaish31@gmail.com)
[info] 
     ######## #### ########  ######## ########     ###     ######  ########
     ##        ##  ##     ## ##       ##     ##  ##   ##  ##       ##
     ######    ##  ########  ######   ########  #########  ######  ######
     ##        ##  ##    ##  ##       ##     ## ##     ##       ## ##
     ##       #### ##     ## ######## ########  ##     ##  ######  ########

You're about to initialize a Firebase project in this directory:

  C:\Users\LENOVO\Desktop\React\amazon-clone\amazon-clone

Before we get started, keep in mind:

  * You are initializing within an existing Firebase project directory

[info] 
=== Project Setup
[info] 
[info] First, let's associate this project directory with a Firebase project.
[info] You can create multiple project aliases by running firebase use --add, 
[info] but for now we'll just set up a default project.
[info] 
[debug] [2022-11-23T09:22:21.244Z] Using project from CLI flag: clone-45588
[debug] [2022-11-23T09:22:21.249Z] >>> [apiv2][query] GET https://firebase.googleapis.com/v1beta1/projects/clone-45588 [none]
[debug] [2022-11-23T09:22:22.075Z] <<< [apiv2][status] GET https://firebase.googleapis.com/v1beta1/projects/clone-45588 200
[debug] [2022-11-23T09:22:22.076Z] <<< [apiv2][body] GET https://firebase.googleapis.com/v1beta1/projects/clone-45588 {"projectId":"clone-45588","projectNumber":"598615890465","displayName":"Amazon-clone","name":"projects/clone-45588","resources":{"hostingSite":"clone-45588"},"state":"ACTIVE","etag":"1_5b9f7362-ce84-4262-b432-19ee9ef9dbae"}
[info] i  Using project clone-45588 (Amazon-clone) 
[info] 
=== Hosting Setup
[info] 
[info] Your public directory is the folder (relative to your project directory) that
[info] will contain Hosting assets to be uploaded with firebase deploy. If you
[info] have a build process for your assets, use your build's output directory.
[info] 
